

times in msec
 clock   self+sourced   self:  sourced script
 clock   elapsed:              other lines

000.007  000.007: --- NVIM STARTING ---
000.080  000.073: event init
000.126  000.046: early init
000.154  000.028: locale set
000.199  000.044: init first window
000.342  000.143: inits 1
000.351  000.009: window checked
000.353  000.002: parsing arguments
000.620  000.036  000.036: require('vim.shared')
000.685  000.025  000.025: require('vim._meta')
000.685  000.064  000.039: require('vim._editor')
000.686  000.123  000.023: require('vim._init_packages')
000.687  000.212: init lua interpreter
000.734  000.047: expanding arguments
000.754  000.020: inits 2
000.937  000.183: init highlight
000.938  000.001: waiting for UI
001.242  000.305: done waiting for UI
001.250  000.008: clear screen
001.355  000.105: init default mappings & autocommands
002.099  000.044  000.044: sourcing /snap/nvim/2809/usr/share/nvim/runtime/ftplugin.vim
002.173  000.016  000.016: sourcing /snap/nvim/2809/usr/share/nvim/runtime/indent.vim
002.296  000.004  000.004: require('vim.keymap')
003.898  000.175  000.175: require('vim.lsp.log')
004.357  000.456  000.456: require('vim.lsp.protocol')
005.446  000.283  000.283: require('vim.lsp._snippet')
005.556  000.107  000.107: require('vim.highlight')
005.561  000.003  000.003: require('vim.F')
005.574  001.214  000.821: require('vim.lsp.util')
005.583  002.269  000.424: require('vim.lsp.handlers')
005.981  000.397  000.397: require('vim.lsp.rpc')
006.140  000.157  000.157: require('vim.lsp.sync')
006.429  000.288  000.288: require('vim.lsp.semantic_tokens')
006.911  000.479  000.479: require('vim.lsp.buf')
007.075  000.162  000.162: require('vim.lsp.diagnostic')
007.237  000.161  000.161: require('vim.lsp.codelens')
007.287  004.887  000.974: require('vim.lsp')
007.397  005.137  000.246: require('tyler.remap')
007.497  000.099  000.099: require('tyler.set')
007.499  005.270  000.034: require('tyler')
007.499  005.287  000.018: sourcing /home/tyler/.config/nvim/init.lua
007.504  000.801: sourcing vimrc file(s)
007.761  000.007  000.007: sourcing /home/tyler/.local/share/nvim/site/pack/packer/start/vim-fugitive/ftdetect/fugitive.vim
007.921  000.323  000.316: sourcing /snap/nvim/2809/usr/share/nvim/runtime/filetype.lua
008.135  000.078  000.078: sourcing /snap/nvim/2809/usr/share/nvim/runtime/syntax/synload.vim
008.826  000.868  000.790: sourcing /snap/nvim/2809/usr/share/nvim/runtime/syntax/syntax.vim
009.919  000.121  000.121: sourcing /snap/nvim/2809/usr/share/nvim/runtime/plugin/gzip.vim
009.940  000.007  000.007: sourcing /snap/nvim/2809/usr/share/nvim/runtime/plugin/health.vim
010.251  000.103  000.103: sourcing /snap/nvim/2809/usr/share/nvim/runtime/pack/dist/opt/matchit/plugin/matchit.vim
010.300  000.350  000.247: sourcing /snap/nvim/2809/usr/share/nvim/runtime/plugin/matchit.vim
010.393  000.086  000.086: sourcing /snap/nvim/2809/usr/share/nvim/runtime/plugin/matchparen.vim
010.665  000.263  000.263: sourcing /snap/nvim/2809/usr/share/nvim/runtime/plugin/netrwPlugin.vim
010.827  000.007  000.007: sourcing /home/tyler/.local/share/nvim/rplugin.vim
010.831  000.106  000.099: sourcing /snap/nvim/2809/usr/share/nvim/runtime/plugin/rplugin.vim
010.877  000.035  000.035: sourcing /snap/nvim/2809/usr/share/nvim/runtime/plugin/shada.vim
010.907  000.013  000.013: sourcing /snap/nvim/2809/usr/share/nvim/runtime/plugin/spellfile.vim
010.986  000.068  000.068: sourcing /snap/nvim/2809/usr/share/nvim/runtime/plugin/tarPlugin.vim
011.053  000.047  000.047: sourcing /snap/nvim/2809/usr/share/nvim/runtime/plugin/tohtml.vim
011.070  000.007  000.007: sourcing /snap/nvim/2809/usr/share/nvim/runtime/plugin/tutor.vim
011.177  000.098  000.098: sourcing /snap/nvim/2809/usr/share/nvim/runtime/plugin/zipPlugin.vim
012.274  000.158  000.158: require('catppuccin')
012.374  000.036  000.036: require('catppuccin.lib.hashing')
012.947  000.840  000.645: sourcing /home/tyler/.local/share/nvim/site/pack/packer/start/catppuccin/colors/catppuccin-mocha.vim
013.612  000.152  000.152: require('which-key.util')
013.616  000.248  000.095: require('which-key.tree')
013.757  000.118  000.118: require('which-key.config')
013.761  000.658  000.293: require('which-key.keys')
013.765  000.806  000.148: require('which-key')
013.942  002.690  001.044: sourcing /home/tyler/.config/nvim/plugin/packer_compiled.lua
014.139  000.038  000.038: sourcing /snap/nvim/2809/usr/share/nvim/runtime/plugin/editorconfig.lua
014.196  000.046  000.046: sourcing /snap/nvim/2809/usr/share/nvim/runtime/plugin/man.lua
014.234  000.029  000.029: sourcing /snap/nvim/2809/usr/share/nvim/runtime/plugin/nvim.lua
014.242  001.544: loading rtp plugins
015.422  000.185  000.185: require('hypersonic.tables')
015.488  000.062  000.062: require('hypersonic.utils')
015.491  000.323  000.075: require('hypersonic.merge')
015.577  000.085  000.085: require('hypersonic.explain')
015.656  000.078  000.078: require('hypersonic.split')
015.672  000.015  000.015: require('hypersonic.config')
015.676  000.648  000.147: require('hypersonic')
015.681  000.746  000.098: sourcing /home/tyler/.local/share/nvim/site/pack/packer/start/Hypersonic.nvim/plugin/hypersonic.lua
015.760  000.022  000.022: sourcing /home/tyler/.local/share/nvim/site/pack/packer/start/LuaSnip/plugin/luasnip.vim
016.635  000.777  000.777: require('vim.filetype')
016.990  000.023  000.023: require('luasnip.util.types')
017.048  000.056  000.056: require('luasnip.util.ext_opts')
017.334  000.027  000.027: require('luasnip.session')
017.584  000.497  000.470: require('luasnip.util.util')
017.585  000.536  000.039: require('luasnip.extras.filetype_functions')
017.682  000.861  000.246: require('luasnip.config')
018.193  000.020  000.020: require('luasnip.nodes.key_indexer')
018.196  000.220  000.200: require('luasnip.nodes.util')
018.342  000.026  000.026: require('luasnip.session.snippet_collection.source')
018.347  000.150  000.125: require('luasnip.session.snippet_collection')
018.824  000.407  000.407: require('luasnip.util._builtin_vars')
018.863  000.034  000.034: require('vim.inspect')
018.896  000.549  000.108: require('luasnip.util.environ')
018.956  000.058  000.058: require('luasnip.util.extend_decorator')
019.064  000.027  000.027: require('luasnip.loaders._caches')
019.237  000.084  000.084: require('luasnip.util.path')
019.240  000.175  000.091: require('luasnip.loaders.util')
019.272  000.315  000.113: require('luasnip.loaders')
019.370  000.091  000.091: require('luasnip.util.log')
019.384  001.679  000.295: require('luasnip')
019.407  003.608  000.291: sourcing /home/tyler/.local/share/nvim/site/pack/packer/start/LuaSnip/plugin/luasnip.lua
019.811  000.014  000.014: require('vim.fs')
019.862  000.048  000.048: require('barbar.animate')
020.111  000.025  000.025: require('barbar.utils.table')
020.139  000.027  000.027: require('barbar.utils')
020.834  000.694  000.694: require('vim.diagnostic')
020.841  000.874  000.129: require('barbar.config')
020.877  000.035  000.035: require('barbar.utils.list')
021.148  000.037  000.037: require('barbar.fs')
021.184  000.146  000.109: require('barbar.buffer')
021.197  000.319  000.173: require('barbar.state')
021.206  001.343  000.115: require('barbar.bbye')
021.270  000.063  000.063: require('barbar.jump_mode')
021.514  000.064  000.064: require('barbar.utils.highlight')
022.230  000.474  000.474: require('nvim-web-devicons.icons-default')
022.335  000.821  000.346: require('nvim-web-devicons')
022.341  000.954  000.070: require('barbar.icons')
022.346  001.076  000.121: require('barbar.ui.layout')
022.796  000.095  000.095: require('barbar.ui.nodes')
022.804  000.457  000.362: require('barbar.ui.render')
022.868  003.246  000.245: require('barbar.api')
023.597  000.292  000.292: require('barbar.highlight')
023.601  000.732  000.439: require('barbar.events')
023.603  004.086  000.108: require('barbar')
026.064  006.564  002.478: sourcing /home/tyler/.local/share/nvim/site/pack/packer/start/barbar.nvim/plugin/barbar.lua
026.754  000.226  000.226: require('lsp-zero.setup')
026.757  000.256  000.030: sourcing /home/tyler/.local/share/nvim/site/pack/packer/start/lsp-zero.nvim/plugin/lsp-zero.lua
027.066  000.079  000.079: require('cmp.utils.api')
027.145  000.044  000.044: require('cmp.types.cmp')
027.342  000.103  000.103: require('cmp.utils.misc')
027.384  000.238  000.134: require('cmp.types.lsp')
027.422  000.038  000.038: require('cmp.types.vim')
027.423  000.356  000.037: require('cmp.types')
027.469  000.045  000.045: require('cmp.utils.highlight')
027.560  000.039  000.039: require('cmp.utils.debug')
027.569  000.099  000.060: require('cmp.utils.autocmd')
027.798  000.866  000.288: sourcing /home/tyler/.local/share/nvim/site/pack/packer/start/nvim-cmp/plugin/cmp.lua
028.139  000.183  000.183: require('vim.version')
028.835  000.964  000.781: sourcing /home/tyler/.local/share/nvim/site/pack/packer/start/nvim-lspconfig/plugin/lspconfig.lua
029.452  000.100  000.100: require('nvim-treesitter.utils')
030.671  000.092  000.092: require('vim.treesitter.language')
030.678  000.339  000.247: require('vim.treesitter.query')
030.874  000.195  000.195: require('vim.treesitter._range')
030.880  000.808  000.275: require('vim.treesitter.languagetree')
030.884  000.998  000.190: require('vim.treesitter')
031.689  002.235  001.237: require('nvim-treesitter.parsers')
032.383  000.049  000.049: require('nvim-treesitter.compat')
032.666  000.189  000.189: require('nvim-treesitter.ts_utils')
032.669  000.284  000.095: require('nvim-treesitter.tsrange')
032.723  000.053  000.053: require('nvim-treesitter.caching')
032.729  000.568  000.181: require('nvim-treesitter.query')
032.737  000.818  000.250: require('nvim-treesitter.configs')
032.738  001.046  000.228: require('nvim-treesitter.info')
032.883  000.144  000.144: require('nvim-treesitter.shell_command_selectors')
032.904  003.865  000.339: require('nvim-treesitter.install')
032.957  000.053  000.053: require('nvim-treesitter.statusline')
033.066  000.108  000.108: require('nvim-treesitter.query_predicates')
033.068  004.086  000.061: require('nvim-treesitter')
033.342  004.383  000.296: sourcing /home/tyler/.local/share/nvim/site/pack/packer/start/nvim-treesitter/plugin/nvim-treesitter.lua
033.610  000.052  000.052: require('treesitter-context.config')
033.623  000.195  000.143: require('treesitter-context')
033.670  000.250  000.055: sourcing /home/tyler/.local/share/nvim/site/pack/packer/start/nvim-treesitter-context/plugin/treesitter-context.lua
033.747  000.034  000.034: sourcing /home/tyler/.local/share/nvim/site/pack/packer/start/nvim-web-devicons/plugin/nvim-web-devicons.vim
033.832  000.020  000.020: sourcing /home/tyler/.local/share/nvim/site/pack/packer/start/plenary.nvim/plugin/plenary.vim
034.109  000.209  000.209: sourcing /home/tyler/.local/share/nvim/site/pack/packer/start/telescope.nvim/plugin/telescope.lua
034.803  000.164  000.164: require('translate.util.utf8')
034.806  000.279  000.115: require('translate.util.util')
034.810  000.380  000.101: require('translate.preset.parse_before.natural')
034.904  000.094  000.094: require('translate.preset.parse_before.trim')
034.961  000.055  000.055: require('translate.preset.parse_before.concat')
035.008  000.046  000.046: require('translate.preset.parse_before.no_handle')
035.120  000.111  000.111: require('translate.preset.command.translate_shell')
035.253  000.076  000.076: require('translate.preset.command.deepl')
035.254  000.133  000.057: require('translate.preset.command.deepl_free')
035.310  000.055  000.055: require('translate.preset.command.deepl_pro')
035.387  000.076  000.076: require('translate.preset.command.google')
035.437  000.049  000.049: require('translate.preset.parse_after.oneline')
035.502  000.064  000.064: require('translate.preset.parse_after.head')
035.561  000.058  000.058: require('translate.preset.parse_after.rate')
035.622  000.060  000.060: require('translate.preset.parse_after.window')
035.670  000.047  000.047: require('translate.preset.parse_after.no_handle')
035.723  000.053  000.053: require('translate.preset.parse_after.translate_shell')
035.836  000.067  000.067: require('translate.preset.parse_after.deepl')
035.837  000.112  000.046: require('translate.preset.parse_after.deepl_free')
035.904  000.050  000.050: require('translate.preset.parse_after.deepl_pro')
035.955  000.049  000.049: require('translate.preset.parse_after.google')
036.028  000.073  000.073: require('translate.preset.output.floating')
036.121  000.092  000.092: require('translate.preset.output.split')
036.191  000.069  000.069: require('translate.preset.output.insert')
036.248  000.056  000.056: require('translate.preset.output.replace')
036.303  000.054  000.054: require('translate.preset.output.register')
036.316  001.998  000.162: require('translate.config')
036.384  000.067  000.067: require('translate.util.replace')
036.918  000.153  000.153: require('translate.kit.Lua.TreeSitter')
036.922  000.248  000.095: require('translate.util.context')
036.925  000.451  000.203: require('translate.util.comment')
036.927  000.542  000.091: require('translate.util.select')
037.003  000.075  000.075: require('translate.command')
037.005  002.812  000.130: require('translate')
037.024  002.846  000.034: sourcing /home/tyler/.local/share/nvim/site/pack/packer/start/translate.nvim/plugin/translate.lua
037.178  000.094  000.094: sourcing /home/tyler/.local/share/nvim/site/pack/packer/start/undotree/plugin/undotree.vim
037.840  000.604  000.604: sourcing /home/tyler/.local/share/nvim/site/pack/packer/start/vim-fugitive/plugin/fugitive.vim
037.905  000.005  000.005: sourcing /home/tyler/.local/share/nvim/site/pack/packer/start/which-key.nvim/plugin/which-key.vim
037.999  002.286: loading packages
038.321  000.094  000.094: require('cmp_nvim_lsp.source')
038.323  000.202  000.109: require('cmp_nvim_lsp')
038.338  000.227  000.024: sourcing /home/tyler/.local/share/nvim/site/pack/packer/start/cmp-nvim-lsp/after/plugin/cmp_nvim_lsp.lua
038.482  000.060  000.060: sourcing /home/tyler/.config/nvim/after/plugin/barbar.lua
038.508  000.016  000.016: sourcing /home/tyler/.config/nvim/after/plugin/fugitive.lua
038.875  000.222  000.222: require('lsp-zero.server')
039.442  000.334  000.334: require('lspconfig.util')
039.577  000.132  000.132: require('lspconfig.async')
039.580  000.702  000.235: require('lspconfig.configs')
039.754  000.099  000.099: require('lsp-zero.cmp')
040.469  000.090  000.090: require('cmp.utils.char')
040.474  000.197  000.107: require('cmp.utils.str')
040.785  000.041  000.041: require('cmp.utils.buffer')
040.791  000.220  000.179: require('cmp.utils.keymap')
040.809  000.334  000.114: require('cmp.utils.feedkeys')
041.237  000.116  000.116: require('cmp.config.mapping')
041.286  000.048  000.048: require('cmp.utils.cache')
041.519  000.148  000.148: require('cmp.config.compare')
041.520  000.232  000.084: require('cmp.config.default')
041.533  000.546  000.150: require('cmp.config')
041.544  000.734  000.188: require('cmp.utils.async')
041.662  000.040  000.040: require('cmp.utils.pattern')
041.665  000.120  000.079: require('cmp.context')
042.373  000.135  000.135: require('cmp.matcher')
042.378  000.481  000.346: require('cmp.entry')
042.382  000.717  000.236: require('cmp.source')
042.606  000.052  000.052: require('cmp.utils.event')
043.504  000.074  000.074: require('cmp.utils.options')
043.509  000.802  000.727: require('cmp.utils.window')
043.512  000.904  000.102: require('cmp.view.docs_view')
044.037  000.524  000.524: require('cmp.view.custom_entries_view')
044.332  000.294  000.294: require('cmp.view.wildmenu_entries_view')
044.560  000.226  000.226: require('cmp.view.native_entries_view')
044.783  000.222  000.222: require('cmp.view.ghost_text_view')
044.822  002.439  000.217: require('cmp.view')
045.284  005.317  000.776: require('cmp.core')
045.618  000.068  000.068: require('cmp.config.sources')
045.672  000.052  000.052: require('cmp.config.window')
045.752  005.996  000.559: require('cmp')
046.476  000.106  000.106: require('lsp-zero.api')
046.479  007.889  000.765: require('lsp-zero')
046.585  000.052  000.052: require('mason-core.path')
046.811  000.105  000.105: require('mason-core.functional')
046.934  000.037  000.037: require('mason-core.functional.data')
046.937  000.116  000.079: require('mason-core.functional.function')
047.005  000.042  000.042: require('mason-core.functional.relation')
047.056  000.048  000.048: require('mason-core.functional.logic')
047.067  000.481  000.171: require('mason-core.platform')
047.129  000.062  000.062: require('mason.settings')
047.131  000.650  000.055: require('mason')
048.130  000.627  000.627: require('mason-core.functional.list')
048.224  000.091  000.091: require('mason-core.functional.string')
048.243  001.020  000.303: require('mason.api.command')
048.350  000.103  000.103: require('mason-registry.sources')
048.654  000.176  000.176: require('mason-core.log')
048.690  000.034  000.034: require('mason-lspconfig.settings')
048.692  000.314  000.104: require('mason-lspconfig')
048.801  000.029  000.029: require('mason-lspconfig.notify')
048.803  000.103  000.074: require('mason-lspconfig.lspconfig_hook')
048.950  000.065  000.065: require('mason-core.functional.table')
048.997  000.193  000.128: require('mason-lspconfig.mappings.server')
049.163  000.052  000.052: require('mason-core.EventEmitter')
049.223  000.059  000.059: require('mason-core.optional')
049.439  000.108  000.108: require('mason-core.async')
049.472  000.032  000.032: require('mason-core.async.uv')
049.475  000.251  000.111: require('mason-core.fs')
049.487  000.489  000.127: require('mason-registry')
049.518  000.029  000.029: require('mason-lspconfig.server_config_extensions')
049.587  000.068  000.068: require('lspconfig.server_configurations.omnisharp')
049.643  000.044  000.044: require('mason-lspconfig.ensure_installed')
049.822  000.080  000.080: require('mason-core.result')
050.089  000.139  000.139: require('mason-core.process')
050.297  000.206  000.206: require('mason-core.spawn')
050.300  000.396  000.051: require('mason-core.managers.powershell')
050.340  000.040  000.040: require('mason.version')
050.342  000.520  000.084: require('mason-core.fetch')
050.402  000.058  000.058: require('mason-core.providers')
050.742  000.146  000.146: require('mason-core.purl')
050.748  000.300  000.154: require('mason-core.package')
051.089  000.080  000.080: require('mason-core.installer.registry.expr')
051.093  000.223  000.143: require('mason-core.installer.registry.link')
051.793  000.127  000.127: require('mason-core.receipt')
051.808  000.309  000.182: require('mason-core.installer.context')
051.889  000.080  000.080: require('mason-core.async.control')
051.980  000.089  000.089: require('mason-core.installer.linker')
051.983  000.635  000.156: require('mason-core.installer')
051.999  000.842  000.207: require('mason-core.installer.managers.std')
052.000  000.906  000.065: require('mason-core.installer.registry.schemas')
052.062  000.061  000.061: require('mason-core.installer.registry.util')
052.067  001.319  000.128: require('mason-core.installer.registry')
052.069  001.666  000.047: require('mason-registry.sources.util')
052.074  002.427  000.103: require('mason-registry.sources.github')
054.899  000.044  000.044: require('mason-core.functional.number')
054.920  000.195  000.151: require('mason-lspconfig.api.command')
055.073  000.067  000.067: require('lspconfig')
055.196  000.121  000.121: require('lspconfig.server_configurations.gopls')
055.614  000.137  000.137: require('lspconfig.manager')
055.750  000.128  000.128: require('lspconfig.server_configurations.rust_analyzer')
056.775  018.258  004.280: sourcing /home/tyler/.config/nvim/after/plugin/lsp.lua
056.891  000.055  000.055: require('lualine.themes.horizon')
057.291  000.079  000.079: require('lualine_require')
057.451  000.559  000.480: require('lualine')
060.526  000.070  000.070: require('lualine.utils.mode')
060.655  003.849  003.166: sourcing /home/tyler/.config/nvim/after/plugin/lualine.lua
061.732  000.078  000.078: require('nvim-tree.notify')
061.737  000.165  000.087: require('nvim-tree.events')
062.034  000.073  000.073: require('nvim-tree.log')
062.343  000.064  000.064: require('nvim-tree.iterators.node-iterator')
062.372  000.337  000.273: require('nvim-tree.utils')
062.485  000.111  000.111: require('nvim-tree.git.utils')
062.641  000.131  000.131: require('nvim-tree.git.runner')
062.765  000.123  000.123: require('nvim-tree.watcher')
062.854  000.088  000.088: require('nvim-tree.explorer.node')
062.859  001.062  000.200: require('nvim-tree.git')
062.942  000.082  000.082: require('nvim-tree.explorer.watch')
063.081  000.062  000.062: require('nvim-tree.explorer.node-builders')
063.208  000.125  000.125: require('nvim-tree.explorer.sorters')
063.293  000.084  000.084: require('nvim-tree.explorer.filters')
063.669  000.266  000.266: require('nvim-tree.view')
063.671  000.378  000.111: require('nvim-tree.live-filter')
063.674  000.730  000.081: require('nvim-tree.explorer.explore')
063.798  000.123  000.123: require('nvim-tree.explorer.reload')
063.799  002.062  000.063: require('nvim-tree.explorer')
063.801  002.280  000.053: require('nvim-tree.core')
063.991  000.059  000.059: require('nvim-tree.modified')
063.995  000.193  000.133: require('nvim-tree.renderer.components.modified')
064.087  000.092  000.092: require('nvim-tree.renderer.components.padding')
064.162  000.074  000.074: require('nvim-tree.renderer.components.icons')
064.246  000.083  000.083: require('nvim-tree.renderer.components.full-name')
064.354  000.108  000.108: require('nvim-tree.renderer.components.git')
064.459  000.038  000.038: require('nvim-tree.enum')
064.461  000.105  000.068: require('nvim-tree.renderer.components.diagnostics')
064.797  000.069  000.069: require('nvim-tree.marks')
064.799  000.122  000.053: require('nvim-tree.renderer.components.bookmarks')
064.808  000.347  000.224: require('nvim-tree.renderer.builder')
064.812  003.399  000.118: require('nvim-tree.renderer')
064.817  003.571  000.172: require('nvim-tree.lib')
064.945  000.127  000.127: require('nvim-tree.colors')
065.339  000.080  000.080: require('nvim-tree.actions.finders.find-file')
065.341  000.141  000.062: require('nvim-tree.actions.tree.open')
065.402  000.060  000.060: require('nvim-tree.actions.tree.toggle')
065.487  000.083  000.083: require('nvim-tree.actions.reloaders.reloaders')
065.536  000.047  000.047: require('nvim-tree.actions.root.dir-up')
065.601  000.064  000.064: require('nvim-tree.actions.tree.find-file')
065.683  000.081  000.081: require('nvim-tree.actions.finders.search-node')
065.746  000.062  000.062: require('nvim-tree.actions.tree-modifiers.collapse-all')
065.848  000.101  000.101: require('nvim-tree.actions.tree-modifiers.expand-all')
065.897  000.048  000.048: require('nvim-tree.actions.tree-modifiers.toggles')
066.800  000.203  000.203: require('nvim-tree.keymap')
066.804  000.903  000.700: require('nvim-tree.help')
066.908  000.100  000.100: require('nvim-tree.actions.fs.create-file')
067.064  000.155  000.155: require('nvim-tree.actions.fs.remove-file')
067.169  000.104  000.104: require('nvim-tree.actions.fs.trash')
067.267  000.096  000.096: require('nvim-tree.actions.fs.rename-file')
067.471  000.201  000.201: require('nvim-tree.actions.fs.copy-paste')
067.565  000.078  000.078: require('nvim-tree.actions.node.file-popup')
067.611  000.044  000.044: require('nvim-tree.actions.node.run-command')
067.683  000.072  000.072: require('nvim-tree.actions.node.system-open')
067.744  000.060  000.060: require('nvim-tree.actions.moves.sibling')
067.826  000.080  000.080: require('nvim-tree.actions.moves.parent')
067.893  000.064  000.064: require('nvim-tree.actions.moves.item')
067.960  000.062  000.062: require('nvim-tree.marks.bulk-delete')
068.024  000.063  000.063: require('nvim-tree.marks.bulk-trash')
068.084  000.060  000.060: require('nvim-tree.marks.bulk-move')
068.347  000.193  000.193: require('nvim-tree.actions.node.open-file')
068.348  000.263  000.071: require('nvim-tree.marks.navigation')
068.350  003.306  000.215: require('nvim-tree.api')
068.358  003.411  000.105: require('nvim-tree.commands')
068.441  000.082  000.082: require('nvim-tree.actions.root.change-dir')
068.512  000.071  000.071: require('nvim-tree.legacy')
068.554  007.849  000.587: require('nvim-tree')
068.941  000.068  000.068: require('nvim-tree.actions')
069.188  000.121  000.121: require('nvim-tree.diagnostics')
079.134  000.101  000.101: require('mason-core.functional.type')
083.373  000.266  000.266: require('editorconfig')
084.964  000.179  000.179: require('luasnip.loaders.from_lua')
085.268  000.172  000.172: require('luasnip.loaders.from_snipmate')
085.901  000.266  000.266: require('luasnip.util.jsonc')
085.907  000.492  000.226: require('luasnip.loaders.from_vscode')
091.242  030.563  021.316: sourcing /home/tyler/.config/nvim/after/plugin/nvimtree.lua
091.680  000.358  000.358: require('telescope.builtin')
091.712  000.418  000.060: sourcing /home/tyler/.config/nvim/after/plugin/telescope.lua
092.707  000.088  000.088: require('nvim-treesitter.highlight')
092.957  001.210  001.122: sourcing /home/tyler/.config/nvim/after/plugin/treesitter.lua
093.004  000.027  000.027: sourcing /home/tyler/.config/nvim/after/plugin/undotree.lua
093.010  000.384: loading after plugins
093.019  000.010: inits 3
094.015  000.996: reading ShaDa
094.436  000.420: opening buffers
096.136  001.700: BufEnter autocommands
096.141  000.005: editing files in windows
097.217  001.076: executing command arguments
097.387  000.159  000.159: require('which-key.plugins')
097.496  000.105  000.105: require('which-key.plugins.marks')
097.641  000.142  000.142: require('which-key.mappings')
097.853  000.088  000.088: require('which-key.plugins.spelling')
097.981  000.089  000.089: require('which-key.plugins.registers')
098.671  000.583  000.583: require('which-key.plugins.presets')
098.829  000.154  000.154: require('which-key.plugins.presets.misc')
098.965  000.129  000.129: require('which-key.colors')
103.164  004.497: VimEnter autocommands
103.170  000.006: UIEnter autocommands
103.172  000.001: before starting main loop
103.433  000.261: first screen update
103.434  000.001: --- NVIM STARTED ---


times in msec
 clock   self+sourced   self:  sourced script
 clock   elapsed:              other lines

000.008  000.008: --- NVIM STARTING ---
000.063  000.054: event init
000.115  000.052: early init
000.143  000.028: locale set
000.183  000.040: init first window
000.357  000.174: inits 1
000.364  000.007: window checked
000.367  000.003: parsing arguments
000.660  000.034  000.034: require('vim.shared')
000.734  000.025  000.025: require('vim._meta')
000.735  000.072  000.047: require('vim._editor')
000.736  000.133  000.028: require('vim._init_packages')
000.737  000.237: init lua interpreter
001.164  000.427: expanding arguments
001.196  000.032: inits 2
001.392  000.196: init highlight
